Jan-12 12:55:57.431 [main] INFO  com.askimed.nf.test.App - nf-test 0.9.3
Jan-12 12:55:57.449 [main] INFO  com.askimed.nf.test.App - Arguments: [test, tests/workflow/]
Jan-12 12:55:58.349 [main] INFO  com.askimed.nf.test.App - Nextflow Version: 23.04.0
Jan-12 12:55:58.352 [main] WARN  com.askimed.nf.test.commands.RunTestsCommand - No nf-test config file found.
Jan-12 12:55:58.994 [main] WARN  com.askimed.nf.test.nextflow.NextflowScript - Module /home/tpor598/biobakery-nextflow/venv/lib/python3.12/site-packages/nf_core/pipeline-template/workflows/pipeline.nf: Dependency '/home/tpor598/biobakery-nextflow/venv/lib/python3.12/site-packages/nf_core/pipeline-template/workflows/../subworkflows/local/utils_nfcore_{{ short_name }}_pipeline.nf' not found.
Jan-12 12:55:59.019 [main] WARN  com.askimed.nf.test.nextflow.NextflowScript - Module /home/tpor598/biobakery-nextflow/venv/lib/python3.12/site-packages/nf_core/pipeline-template/main.nf: Dependency '/home/tpor598/biobakery-nextflow/venv/lib/python3.12/site-packages/nf_core/pipeline-template/./subworkflows/local/utils_nfcore_{{ short_name }}_pipeline.nf' not found.
Jan-12 12:55:59.020 [main] WARN  com.askimed.nf.test.nextflow.NextflowScript - Module /home/tpor598/biobakery-nextflow/venv/lib/python3.12/site-packages/nf_core/pipeline-template/main.nf: Dependency '/home/tpor598/biobakery-nextflow/venv/lib/python3.12/site-packages/nf_core/pipeline-template/./subworkflows/local/utils_nfcore_{{ short_name }}_pipeline.nf' not found.
Jan-12 12:55:59.021 [main] WARN  com.askimed.nf.test.nextflow.NextflowScript - Module /home/tpor598/biobakery-nextflow/venv/lib/python3.12/site-packages/nf_core/pipeline-template/main.nf: Dependency '/home/tpor598/biobakery-nextflow/venv/lib/python3.12/site-packages/nf_core/pipeline-template/./subworkflows/local/utils_nfcore_{{ short_name }}_pipeline.nf' not found.
Jan-12 12:55:59.038 [main] WARN  com.askimed.nf.test.nextflow.NextflowScript - Module /home/tpor598/biobakery-nextflow/venv/lib/python3.12/site-packages/nf_core/subworkflow-template/main.nf: Dependency '/home/tpor598/biobakery-nextflow/venv/lib/python3.12/site-packages/nf_core/subworkflow-template/../../../modules/nf-core/samtools/sort/main.nf' not found.
Jan-12 12:55:59.039 [main] WARN  com.askimed.nf.test.nextflow.NextflowScript - Module /home/tpor598/biobakery-nextflow/venv/lib/python3.12/site-packages/nf_core/subworkflow-template/main.nf: Dependency '/home/tpor598/biobakery-nextflow/venv/lib/python3.12/site-packages/nf_core/subworkflow-template/../../../modules/nf-core/samtools/index/main.nf' not found.
Jan-12 12:55:59.195 [main] INFO  com.askimed.nf.test.lang.dependencies.DependencyResolver - Loaded 47 files from directory /home/tpor598/biobakery-nextflow in 0.84 sec
Jan-12 12:55:59.199 [main] INFO  com.askimed.nf.test.lang.dependencies.DependencyResolver - Found 9 files containing tests.
Jan-12 12:55:59.200 [main] DEBUG com.askimed.nf.test.lang.dependencies.DependencyResolver - Found files: [/home/tpor598/biobakery-nextflow/tests/workflow/strainphlan_workflow.nf.test, /home/tpor598/biobakery-nextflow/tests/workflow/metaphlan_workflow.nf.test, /home/tpor598/biobakery-nextflow/tests/workflow/kneaddata_metaphlan.nf.test, /home/tpor598/biobakery-nextflow/tests/workflow/humann_workflow.nf.test, /home/tpor598/biobakery-nextflow/tests/workflow/metaphlan_humann.nf.test, /home/tpor598/biobakery-nextflow/tests/workflow/full_pipeline_kmh.nf.test, /home/tpor598/biobakery-nextflow/tests/workflow/full_pipeline_kms.nf.test, /home/tpor598/biobakery-nextflow/tests/workflow/kneaddata_workflow.nf.test, /home/tpor598/biobakery-nextflow/tests/workflow/full_pipeline_all.nf.test]
Jan-12 12:56:00.181 [main] INFO  com.askimed.nf.test.commands.RunTestsCommand - Found 15 tests to execute.
Jan-12 12:56:00.182 [main] INFO  com.askimed.nf.test.core.TestExecutionEngine - Started test plan
Jan-12 12:56:00.182 [main] INFO  com.askimed.nf.test.core.TestExecutionEngine - Running testsuite 'Test Full Pipeline K+M+H+S' from file '/home/tpor598/biobakery-nextflow/tests/workflow/full_pipeline_all.nf.test'.
Jan-12 12:56:00.182 [main] INFO  com.askimed.nf.test.core.TestExecutionEngine - Run test '9271fbf9: K+M+H+S - complete pipeline with all modules'. type: com.askimed.nf.test.lang.workflow.WorkflowTest
Jan-12 12:56:03.878 [main] INFO  com.askimed.nf.test.core.TestExecutionEngine - Test '9271fbf9: K+M+H+S - complete pipeline with all modules' finished. status: FAILED
org.codehaus.groovy.runtime.powerassert.PowerAssertionError: assert workflow.success
       |        |
       workflow false
	at org.codehaus.groovy.runtime.InvokerHelper.assertFailed(InvokerHelper.java:432)
	at org.codehaus.groovy.runtime.ScriptBytecodeAdapter.assertFailed(ScriptBytecodeAdapter.java:670)
	at full_pipeline_all_nf$_run_closure1$_closure2$_closure4.doCall(full_pipeline_all.nf.test:26)
	at full_pipeline_all_nf$_run_closure1$_closure2$_closure4.doCall(full_pipeline_all.nf.test)
	at java.base/jdk.internal.reflect.NativeMethodAccessorImpl.invoke0(Native Method)
	at java.base/jdk.internal.reflect.NativeMethodAccessorImpl.invoke(NativeMethodAccessorImpl.java:77)
	at java.base/jdk.internal.reflect.DelegatingMethodAccessorImpl.invoke(DelegatingMethodAccessorImpl.java:43)
	at java.base/java.lang.reflect.Method.invoke(Method.java:568)
	at org.codehaus.groovy.reflection.CachedMethod.invoke(CachedMethod.java:107)
	at groovy.lang.MetaMethod.doMethodInvoke(MetaMethod.java:323)
	at org.codehaus.groovy.runtime.metaclass.ClosureMetaClass.invokeMethod(ClosureMetaClass.java:274)
	at groovy.lang.MetaClassImpl.invokeMethod(MetaClassImpl.java:1030)
	at groovy.lang.Closure.call(Closure.java:427)
	at groovy.lang.Closure.call(Closure.java:406)
	at com.askimed.nf.test.lang.TestCode.execute(TestCode.java:16)
	at com.askimed.nf.test.lang.workflow.WorkflowTest.execute(WorkflowTest.java:178)
	at com.askimed.nf.test.core.TestExecutionEngine.execute(TestExecutionEngine.java:172)
	at com.askimed.nf.test.commands.RunTestsCommand.execute(RunTestsCommand.java:322)
	at com.askimed.nf.test.commands.AbstractCommand.call(AbstractCommand.java:43)
	at com.askimed.nf.test.commands.AbstractCommand.call(AbstractCommand.java:18)
	at picocli.CommandLine.executeUserObject(CommandLine.java:1953)
	at picocli.CommandLine.access$1300(CommandLine.java:145)
	at picocli.CommandLine$RunLast.executeUserObjectOfLastSubcommandWithSameParent(CommandLine.java:2352)
	at picocli.CommandLine$RunLast.handle(CommandLine.java:2346)
	at picocli.CommandLine$RunLast.handle(CommandLine.java:2311)
	at picocli.CommandLine$AbstractParseResultHandler.execute(CommandLine.java:2179)
	at picocli.CommandLine.execute(CommandLine.java:2078)
	at com.askimed.nf.test.App.run(App.java:39)
	at com.askimed.nf.test.App.main(App.java:46)
Jan-12 12:56:03.882 [main] INFO  com.askimed.nf.test.core.TestExecutionEngine - Testsuite 'Test Full Pipeline K+M+H+S' finished. snapshot file: false, skipped tests: false, failed tests: true
Jan-12 12:56:03.882 [main] INFO  com.askimed.nf.test.core.TestExecutionEngine - Running testsuite 'Test Full Pipeline K+M+H' from file '/home/tpor598/biobakery-nextflow/tests/workflow/full_pipeline_kmh.nf.test'.
Jan-12 12:56:03.882 [main] INFO  com.askimed.nf.test.core.TestExecutionEngine - Run test 'f701c3de: K+M+H - complete functional profiling pipeline'. type: com.askimed.nf.test.lang.workflow.WorkflowTest
Jan-12 12:56:07.053 [main] INFO  com.askimed.nf.test.core.TestExecutionEngine - Test 'f701c3de: K+M+H - complete functional profiling pipeline' finished. status: FAILED
org.codehaus.groovy.runtime.powerassert.PowerAssertionError: assert workflow.success
       |        |
       workflow false
	at org.codehaus.groovy.runtime.InvokerHelper.assertFailed(InvokerHelper.java:432)
	at org.codehaus.groovy.runtime.ScriptBytecodeAdapter.assertFailed(ScriptBytecodeAdapter.java:670)
	at full_pipeline_kmh_nf$_run_closure1$_closure2$_closure5.doCall(full_pipeline_kmh.nf.test:23)
	at full_pipeline_kmh_nf$_run_closure1$_closure2$_closure5.doCall(full_pipeline_kmh.nf.test)
	at java.base/jdk.internal.reflect.NativeMethodAccessorImpl.invoke0(Native Method)
	at java.base/jdk.internal.reflect.NativeMethodAccessorImpl.invoke(NativeMethodAccessorImpl.java:77)
	at java.base/jdk.internal.reflect.DelegatingMethodAccessorImpl.invoke(DelegatingMethodAccessorImpl.java:43)
	at java.base/java.lang.reflect.Method.invoke(Method.java:568)
	at org.codehaus.groovy.reflection.CachedMethod.invoke(CachedMethod.java:107)
	at groovy.lang.MetaMethod.doMethodInvoke(MetaMethod.java:323)
	at org.codehaus.groovy.runtime.metaclass.ClosureMetaClass.invokeMethod(ClosureMetaClass.java:274)
	at groovy.lang.MetaClassImpl.invokeMethod(MetaClassImpl.java:1030)
	at groovy.lang.Closure.call(Closure.java:427)
	at groovy.lang.Closure.call(Closure.java:406)
	at com.askimed.nf.test.lang.TestCode.execute(TestCode.java:16)
	at com.askimed.nf.test.lang.workflow.WorkflowTest.execute(WorkflowTest.java:178)
	at com.askimed.nf.test.core.TestExecutionEngine.execute(TestExecutionEngine.java:172)
	at com.askimed.nf.test.commands.RunTestsCommand.execute(RunTestsCommand.java:322)
	at com.askimed.nf.test.commands.AbstractCommand.call(AbstractCommand.java:43)
	at com.askimed.nf.test.commands.AbstractCommand.call(AbstractCommand.java:18)
	at picocli.CommandLine.executeUserObject(CommandLine.java:1953)
	at picocli.CommandLine.access$1300(CommandLine.java:145)
	at picocli.CommandLine$RunLast.executeUserObjectOfLastSubcommandWithSameParent(CommandLine.java:2352)
	at picocli.CommandLine$RunLast.handle(CommandLine.java:2346)
	at picocli.CommandLine$RunLast.handle(CommandLine.java:2311)
	at picocli.CommandLine$AbstractParseResultHandler.execute(CommandLine.java:2179)
	at picocli.CommandLine.execute(CommandLine.java:2078)
	at com.askimed.nf.test.App.run(App.java:39)
	at com.askimed.nf.test.App.main(App.java:46)
Jan-12 12:56:07.054 [main] INFO  com.askimed.nf.test.core.TestExecutionEngine - Run test '9741a529: K+M+H - single sample complete pipeline'. type: com.askimed.nf.test.lang.workflow.WorkflowTest
Jan-12 12:56:11.151 [main] INFO  com.askimed.nf.test.core.TestExecutionEngine - Test '9741a529: K+M+H - single sample complete pipeline' finished. status: FAILED
org.codehaus.groovy.runtime.powerassert.PowerAssertionError: assert workflow.success
       |        |
       workflow false
	at org.codehaus.groovy.runtime.InvokerHelper.assertFailed(InvokerHelper.java:432)
	at org.codehaus.groovy.runtime.ScriptBytecodeAdapter.assertFailed(ScriptBytecodeAdapter.java:670)
	at full_pipeline_kmh_nf$_run_closure1$_closure3$_closure8.doCall(full_pipeline_kmh.nf.test:44)
	at full_pipeline_kmh_nf$_run_closure1$_closure3$_closure8.doCall(full_pipeline_kmh.nf.test)
	at java.base/jdk.internal.reflect.NativeMethodAccessorImpl.invoke0(Native Method)
	at java.base/jdk.internal.reflect.NativeMethodAccessorImpl.invoke(NativeMethodAccessorImpl.java:77)
	at java.base/jdk.internal.reflect.DelegatingMethodAccessorImpl.invoke(DelegatingMethodAccessorImpl.java:43)
	at java.base/java.lang.reflect.Method.invoke(Method.java:568)
	at org.codehaus.groovy.reflection.CachedMethod.invoke(CachedMethod.java:107)
	at groovy.lang.MetaMethod.doMethodInvoke(MetaMethod.java:323)
	at org.codehaus.groovy.runtime.metaclass.ClosureMetaClass.invokeMethod(ClosureMetaClass.java:274)
	at groovy.lang.MetaClassImpl.invokeMethod(MetaClassImpl.java:1030)
	at groovy.lang.Closure.call(Closure.java:427)
	at groovy.lang.Closure.call(Closure.java:406)
	at com.askimed.nf.test.lang.TestCode.execute(TestCode.java:16)
	at com.askimed.nf.test.lang.workflow.WorkflowTest.execute(WorkflowTest.java:178)
	at com.askimed.nf.test.core.TestExecutionEngine.execute(TestExecutionEngine.java:172)
	at com.askimed.nf.test.commands.RunTestsCommand.execute(RunTestsCommand.java:322)
	at com.askimed.nf.test.commands.AbstractCommand.call(AbstractCommand.java:43)
	at com.askimed.nf.test.commands.AbstractCommand.call(AbstractCommand.java:18)
	at picocli.CommandLine.executeUserObject(CommandLine.java:1953)
	at picocli.CommandLine.access$1300(CommandLine.java:145)
	at picocli.CommandLine$RunLast.executeUserObjectOfLastSubcommandWithSameParent(CommandLine.java:2352)
	at picocli.CommandLine$RunLast.handle(CommandLine.java:2346)
	at picocli.CommandLine$RunLast.handle(CommandLine.java:2311)
	at picocli.CommandLine$AbstractParseResultHandler.execute(CommandLine.java:2179)
	at picocli.CommandLine.execute(CommandLine.java:2078)
	at com.askimed.nf.test.App.run(App.java:39)
	at com.askimed.nf.test.App.main(App.java:46)
Jan-12 12:56:11.152 [main] INFO  com.askimed.nf.test.core.TestExecutionEngine - Testsuite 'Test Full Pipeline K+M+H' finished. snapshot file: false, skipped tests: false, failed tests: true
Jan-12 12:56:11.152 [main] INFO  com.askimed.nf.test.core.TestExecutionEngine - Running testsuite 'Test Full Pipeline K+M+S' from file '/home/tpor598/biobakery-nextflow/tests/workflow/full_pipeline_kms.nf.test'.
Jan-12 12:56:11.152 [main] INFO  com.askimed.nf.test.core.TestExecutionEngine - Run test 'a51bc75c: K+M+S - complete strain profiling pipeline'. type: com.askimed.nf.test.lang.workflow.WorkflowTest
Jan-12 12:56:15.863 [main] INFO  com.askimed.nf.test.core.TestExecutionEngine - Test 'a51bc75c: K+M+S - complete strain profiling pipeline' finished. status: FAILED
org.codehaus.groovy.runtime.powerassert.PowerAssertionError: assert workflow.success
       |        |
       workflow false
	at org.codehaus.groovy.runtime.InvokerHelper.assertFailed(InvokerHelper.java:432)
	at org.codehaus.groovy.runtime.ScriptBytecodeAdapter.assertFailed(ScriptBytecodeAdapter.java:670)
	at full_pipeline_kms_nf$_run_closure1$_closure2$_closure4.doCall(full_pipeline_kms.nf.test:24)
	at full_pipeline_kms_nf$_run_closure1$_closure2$_closure4.doCall(full_pipeline_kms.nf.test)
	at java.base/jdk.internal.reflect.NativeMethodAccessorImpl.invoke0(Native Method)
	at java.base/jdk.internal.reflect.NativeMethodAccessorImpl.invoke(NativeMethodAccessorImpl.java:77)
	at java.base/jdk.internal.reflect.DelegatingMethodAccessorImpl.invoke(DelegatingMethodAccessorImpl.java:43)
	at java.base/java.lang.reflect.Method.invoke(Method.java:568)
	at org.codehaus.groovy.reflection.CachedMethod.invoke(CachedMethod.java:107)
	at groovy.lang.MetaMethod.doMethodInvoke(MetaMethod.java:323)
	at org.codehaus.groovy.runtime.metaclass.ClosureMetaClass.invokeMethod(ClosureMetaClass.java:274)
	at groovy.lang.MetaClassImpl.invokeMethod(MetaClassImpl.java:1030)
	at groovy.lang.Closure.call(Closure.java:427)
	at groovy.lang.Closure.call(Closure.java:406)
	at com.askimed.nf.test.lang.TestCode.execute(TestCode.java:16)
	at com.askimed.nf.test.lang.workflow.WorkflowTest.execute(WorkflowTest.java:178)
	at com.askimed.nf.test.core.TestExecutionEngine.execute(TestExecutionEngine.java:172)
	at com.askimed.nf.test.commands.RunTestsCommand.execute(RunTestsCommand.java:322)
	at com.askimed.nf.test.commands.AbstractCommand.call(AbstractCommand.java:43)
	at com.askimed.nf.test.commands.AbstractCommand.call(AbstractCommand.java:18)
	at picocli.CommandLine.executeUserObject(CommandLine.java:1953)
	at picocli.CommandLine.access$1300(CommandLine.java:145)
	at picocli.CommandLine$RunLast.executeUserObjectOfLastSubcommandWithSameParent(CommandLine.java:2352)
	at picocli.CommandLine$RunLast.handle(CommandLine.java:2346)
	at picocli.CommandLine$RunLast.handle(CommandLine.java:2311)
	at picocli.CommandLine$AbstractParseResultHandler.execute(CommandLine.java:2179)
	at picocli.CommandLine.execute(CommandLine.java:2078)
	at com.askimed.nf.test.App.run(App.java:39)
	at com.askimed.nf.test.App.main(App.java:46)
Jan-12 12:56:15.864 [main] INFO  com.askimed.nf.test.core.TestExecutionEngine - Testsuite 'Test Full Pipeline K+M+S' finished. snapshot file: false, skipped tests: false, failed tests: true
Jan-12 12:56:15.864 [main] INFO  com.askimed.nf.test.core.TestExecutionEngine - Running testsuite 'Test HUMAnN Workflow' from file '/home/tpor598/biobakery-nextflow/tests/workflow/humann_workflow.nf.test'.
Jan-12 12:56:15.864 [main] INFO  com.askimed.nf.test.core.TestExecutionEngine - Run test '4d0e137c: HUMAnN - functional profiling with precomputed profiles'. type: com.askimed.nf.test.lang.workflow.WorkflowTest
Jan-12 12:56:20.632 [main] INFO  com.askimed.nf.test.core.TestExecutionEngine - Test '4d0e137c: HUMAnN - functional profiling with precomputed profiles' finished. status: FAILED
org.codehaus.groovy.runtime.powerassert.PowerAssertionError: assert workflow.success
       |        |
       workflow false
	at org.codehaus.groovy.runtime.InvokerHelper.assertFailed(InvokerHelper.java:432)
	at org.codehaus.groovy.runtime.ScriptBytecodeAdapter.assertFailed(ScriptBytecodeAdapter.java:670)
	at humann_workflow_nf$_run_closure1$_closure2$_closure4.doCall(humann_workflow.nf.test:20)
	at humann_workflow_nf$_run_closure1$_closure2$_closure4.doCall(humann_workflow.nf.test)
	at java.base/jdk.internal.reflect.NativeMethodAccessorImpl.invoke0(Native Method)
	at java.base/jdk.internal.reflect.NativeMethodAccessorImpl.invoke(NativeMethodAccessorImpl.java:77)
	at java.base/jdk.internal.reflect.DelegatingMethodAccessorImpl.invoke(DelegatingMethodAccessorImpl.java:43)
	at java.base/java.lang.reflect.Method.invoke(Method.java:568)
	at org.codehaus.groovy.reflection.CachedMethod.invoke(CachedMethod.java:107)
	at groovy.lang.MetaMethod.doMethodInvoke(MetaMethod.java:323)
	at org.codehaus.groovy.runtime.metaclass.ClosureMetaClass.invokeMethod(ClosureMetaClass.java:274)
	at groovy.lang.MetaClassImpl.invokeMethod(MetaClassImpl.java:1030)
	at groovy.lang.Closure.call(Closure.java:427)
	at groovy.lang.Closure.call(Closure.java:406)
	at com.askimed.nf.test.lang.TestCode.execute(TestCode.java:16)
	at com.askimed.nf.test.lang.workflow.WorkflowTest.execute(WorkflowTest.java:178)
	at com.askimed.nf.test.core.TestExecutionEngine.execute(TestExecutionEngine.java:172)
	at com.askimed.nf.test.commands.RunTestsCommand.execute(RunTestsCommand.java:322)
	at com.askimed.nf.test.commands.AbstractCommand.call(AbstractCommand.java:43)
	at com.askimed.nf.test.commands.AbstractCommand.call(AbstractCommand.java:18)
	at picocli.CommandLine.executeUserObject(CommandLine.java:1953)
	at picocli.CommandLine.access$1300(CommandLine.java:145)
	at picocli.CommandLine$RunLast.executeUserObjectOfLastSubcommandWithSameParent(CommandLine.java:2352)
	at picocli.CommandLine$RunLast.handle(CommandLine.java:2346)
	at picocli.CommandLine$RunLast.handle(CommandLine.java:2311)
	at picocli.CommandLine$AbstractParseResultHandler.execute(CommandLine.java:2179)
	at picocli.CommandLine.execute(CommandLine.java:2078)
	at com.askimed.nf.test.App.run(App.java:39)
	at com.askimed.nf.test.App.main(App.java:46)
Jan-12 12:56:20.637 [main] INFO  com.askimed.nf.test.core.TestExecutionEngine - Testsuite 'Test HUMAnN Workflow' finished. snapshot file: false, skipped tests: false, failed tests: true
Jan-12 12:56:20.637 [main] INFO  com.askimed.nf.test.core.TestExecutionEngine - Running testsuite 'Test KneadData + MetaPhlAn Integration' from file '/home/tpor598/biobakery-nextflow/tests/workflow/kneaddata_metaphlan.nf.test'.
Jan-12 12:56:20.638 [main] INFO  com.askimed.nf.test.core.TestExecutionEngine - Run test '3c00826f: K+M - host removal and taxonomic profiling'. type: com.askimed.nf.test.lang.workflow.WorkflowTest
Jan-12 12:56:25.285 [main] INFO  com.askimed.nf.test.core.TestExecutionEngine - Test '3c00826f: K+M - host removal and taxonomic profiling' finished. status: FAILED
org.codehaus.groovy.runtime.powerassert.PowerAssertionError: assert workflow.success
       |        |
       workflow false
	at org.codehaus.groovy.runtime.InvokerHelper.assertFailed(InvokerHelper.java:432)
	at org.codehaus.groovy.runtime.ScriptBytecodeAdapter.assertFailed(ScriptBytecodeAdapter.java:670)
	at kneaddata_metaphlan_nf$_run_closure1$_closure2$_closure4.doCall(kneaddata_metaphlan.nf.test:21)
	at kneaddata_metaphlan_nf$_run_closure1$_closure2$_closure4.doCall(kneaddata_metaphlan.nf.test)
	at java.base/jdk.internal.reflect.NativeMethodAccessorImpl.invoke0(Native Method)
	at java.base/jdk.internal.reflect.NativeMethodAccessorImpl.invoke(NativeMethodAccessorImpl.java:77)
	at java.base/jdk.internal.reflect.DelegatingMethodAccessorImpl.invoke(DelegatingMethodAccessorImpl.java:43)
	at java.base/java.lang.reflect.Method.invoke(Method.java:568)
	at org.codehaus.groovy.reflection.CachedMethod.invoke(CachedMethod.java:107)
	at groovy.lang.MetaMethod.doMethodInvoke(MetaMethod.java:323)
	at org.codehaus.groovy.runtime.metaclass.ClosureMetaClass.invokeMethod(ClosureMetaClass.java:274)
	at groovy.lang.MetaClassImpl.invokeMethod(MetaClassImpl.java:1030)
	at groovy.lang.Closure.call(Closure.java:427)
	at groovy.lang.Closure.call(Closure.java:406)
	at com.askimed.nf.test.lang.TestCode.execute(TestCode.java:16)
	at com.askimed.nf.test.lang.workflow.WorkflowTest.execute(WorkflowTest.java:178)
	at com.askimed.nf.test.core.TestExecutionEngine.execute(TestExecutionEngine.java:172)
	at com.askimed.nf.test.commands.RunTestsCommand.execute(RunTestsCommand.java:322)
	at com.askimed.nf.test.commands.AbstractCommand.call(AbstractCommand.java:43)
	at com.askimed.nf.test.commands.AbstractCommand.call(AbstractCommand.java:18)
	at picocli.CommandLine.executeUserObject(CommandLine.java:1953)
	at picocli.CommandLine.access$1300(CommandLine.java:145)
	at picocli.CommandLine$RunLast.executeUserObjectOfLastSubcommandWithSameParent(CommandLine.java:2352)
	at picocli.CommandLine$RunLast.handle(CommandLine.java:2346)
	at picocli.CommandLine$RunLast.handle(CommandLine.java:2311)
	at picocli.CommandLine$AbstractParseResultHandler.execute(CommandLine.java:2179)
	at picocli.CommandLine.execute(CommandLine.java:2078)
	at com.askimed.nf.test.App.run(App.java:39)
	at com.askimed.nf.test.App.main(App.java:46)
Jan-12 12:56:25.285 [main] INFO  com.askimed.nf.test.core.TestExecutionEngine - Testsuite 'Test KneadData + MetaPhlAn Integration' finished. snapshot file: false, skipped tests: false, failed tests: true
Jan-12 12:56:25.285 [main] INFO  com.askimed.nf.test.core.TestExecutionEngine - Running testsuite 'Test KneadData Workflow' from file '/home/tpor598/biobakery-nextflow/tests/workflow/kneaddata_workflow.nf.test'.
Jan-12 12:56:25.285 [main] INFO  com.askimed.nf.test.core.TestExecutionEngine - Run test '9c1eb46a: KneadData - host read removal'. type: com.askimed.nf.test.lang.workflow.WorkflowTest
Jan-12 12:56:29.180 [main] INFO  com.askimed.nf.test.core.TestExecutionEngine - Test '9c1eb46a: KneadData - host read removal' finished. status: FAILED
org.codehaus.groovy.runtime.powerassert.PowerAssertionError: assert workflow.success
       |        |
       workflow false
	at org.codehaus.groovy.runtime.InvokerHelper.assertFailed(InvokerHelper.java:432)
	at org.codehaus.groovy.runtime.ScriptBytecodeAdapter.assertFailed(ScriptBytecodeAdapter.java:670)
	at kneaddata_workflow_nf$_run_closure1$_closure2$_closure5.doCall(kneaddata_workflow.nf.test:19)
	at kneaddata_workflow_nf$_run_closure1$_closure2$_closure5.doCall(kneaddata_workflow.nf.test)
	at java.base/jdk.internal.reflect.NativeMethodAccessorImpl.invoke0(Native Method)
	at java.base/jdk.internal.reflect.NativeMethodAccessorImpl.invoke(NativeMethodAccessorImpl.java:77)
	at java.base/jdk.internal.reflect.DelegatingMethodAccessorImpl.invoke(DelegatingMethodAccessorImpl.java:43)
	at java.base/java.lang.reflect.Method.invoke(Method.java:568)
	at org.codehaus.groovy.reflection.CachedMethod.invoke(CachedMethod.java:107)
	at groovy.lang.MetaMethod.doMethodInvoke(MetaMethod.java:323)
	at org.codehaus.groovy.runtime.metaclass.ClosureMetaClass.invokeMethod(ClosureMetaClass.java:274)
	at groovy.lang.MetaClassImpl.invokeMethod(MetaClassImpl.java:1030)
	at groovy.lang.Closure.call(Closure.java:427)
	at groovy.lang.Closure.call(Closure.java:406)
	at com.askimed.nf.test.lang.TestCode.execute(TestCode.java:16)
	at com.askimed.nf.test.lang.workflow.WorkflowTest.execute(WorkflowTest.java:178)
	at com.askimed.nf.test.core.TestExecutionEngine.execute(TestExecutionEngine.java:172)
	at com.askimed.nf.test.commands.RunTestsCommand.execute(RunTestsCommand.java:322)
	at com.askimed.nf.test.commands.AbstractCommand.call(AbstractCommand.java:43)
	at com.askimed.nf.test.commands.AbstractCommand.call(AbstractCommand.java:18)
	at picocli.CommandLine.executeUserObject(CommandLine.java:1953)
	at picocli.CommandLine.access$1300(CommandLine.java:145)
	at picocli.CommandLine$RunLast.executeUserObjectOfLastSubcommandWithSameParent(CommandLine.java:2352)
	at picocli.CommandLine$RunLast.handle(CommandLine.java:2346)
	at picocli.CommandLine$RunLast.handle(CommandLine.java:2311)
	at picocli.CommandLine$AbstractParseResultHandler.execute(CommandLine.java:2179)
	at picocli.CommandLine.execute(CommandLine.java:2078)
	at com.askimed.nf.test.App.run(App.java:39)
	at com.askimed.nf.test.App.main(App.java:46)
Jan-12 12:56:29.181 [main] INFO  com.askimed.nf.test.core.TestExecutionEngine - Run test 'bd009e40: KneadData - multiple samples'. type: com.askimed.nf.test.lang.workflow.WorkflowTest
Jan-12 12:56:33.259 [main] INFO  com.askimed.nf.test.core.TestExecutionEngine - Test 'bd009e40: KneadData - multiple samples' finished. status: FAILED
org.codehaus.groovy.runtime.powerassert.PowerAssertionError: assert workflow.success
       |        |
       workflow false
	at org.codehaus.groovy.runtime.InvokerHelper.assertFailed(InvokerHelper.java:432)
	at org.codehaus.groovy.runtime.ScriptBytecodeAdapter.assertFailed(ScriptBytecodeAdapter.java:670)
	at kneaddata_workflow_nf$_run_closure1$_closure3$_closure8.doCall(kneaddata_workflow.nf.test:36)
	at kneaddata_workflow_nf$_run_closure1$_closure3$_closure8.doCall(kneaddata_workflow.nf.test)
	at java.base/jdk.internal.reflect.NativeMethodAccessorImpl.invoke0(Native Method)
	at java.base/jdk.internal.reflect.NativeMethodAccessorImpl.invoke(NativeMethodAccessorImpl.java:77)
	at java.base/jdk.internal.reflect.DelegatingMethodAccessorImpl.invoke(DelegatingMethodAccessorImpl.java:43)
	at java.base/java.lang.reflect.Method.invoke(Method.java:568)
	at org.codehaus.groovy.reflection.CachedMethod.invoke(CachedMethod.java:107)
	at groovy.lang.MetaMethod.doMethodInvoke(MetaMethod.java:323)
	at org.codehaus.groovy.runtime.metaclass.ClosureMetaClass.invokeMethod(ClosureMetaClass.java:274)
	at groovy.lang.MetaClassImpl.invokeMethod(MetaClassImpl.java:1030)
	at groovy.lang.Closure.call(Closure.java:427)
	at groovy.lang.Closure.call(Closure.java:406)
	at com.askimed.nf.test.lang.TestCode.execute(TestCode.java:16)
	at com.askimed.nf.test.lang.workflow.WorkflowTest.execute(WorkflowTest.java:178)
	at com.askimed.nf.test.core.TestExecutionEngine.execute(TestExecutionEngine.java:172)
	at com.askimed.nf.test.commands.RunTestsCommand.execute(RunTestsCommand.java:322)
	at com.askimed.nf.test.commands.AbstractCommand.call(AbstractCommand.java:43)
	at com.askimed.nf.test.commands.AbstractCommand.call(AbstractCommand.java:18)
	at picocli.CommandLine.executeUserObject(CommandLine.java:1953)
	at picocli.CommandLine.access$1300(CommandLine.java:145)
	at picocli.CommandLine$RunLast.executeUserObjectOfLastSubcommandWithSameParent(CommandLine.java:2352)
	at picocli.CommandLine$RunLast.handle(CommandLine.java:2346)
	at picocli.CommandLine$RunLast.handle(CommandLine.java:2311)
	at picocli.CommandLine$AbstractParseResultHandler.execute(CommandLine.java:2179)
	at picocli.CommandLine.execute(CommandLine.java:2078)
	at com.askimed.nf.test.App.run(App.java:39)
	at com.askimed.nf.test.App.main(App.java:46)
Jan-12 12:56:33.259 [main] INFO  com.askimed.nf.test.core.TestExecutionEngine - Testsuite 'Test KneadData Workflow' finished. snapshot file: false, skipped tests: false, failed tests: true
Jan-12 12:56:33.259 [main] INFO  com.askimed.nf.test.core.TestExecutionEngine - Running testsuite 'Test MetaPhlAn + HUMAnN Integration' from file '/home/tpor598/biobakery-nextflow/tests/workflow/metaphlan_humann.nf.test'.
Jan-12 12:56:33.260 [main] INFO  com.askimed.nf.test.core.TestExecutionEngine - Run test '5f07b41d: M+H - taxonomic and functional profiling'. type: com.askimed.nf.test.lang.workflow.WorkflowTest
Jan-12 12:56:36.989 [main] INFO  com.askimed.nf.test.core.TestExecutionEngine - Test '5f07b41d: M+H - taxonomic and functional profiling' finished. status: FAILED
org.codehaus.groovy.runtime.powerassert.PowerAssertionError: assert workflow.success
       |        |
       workflow false
	at org.codehaus.groovy.runtime.InvokerHelper.assertFailed(InvokerHelper.java:432)
	at org.codehaus.groovy.runtime.ScriptBytecodeAdapter.assertFailed(ScriptBytecodeAdapter.java:670)
	at metaphlan_humann_nf$_run_closure1$_closure2$_closure4.doCall(metaphlan_humann.nf.test:20)
	at metaphlan_humann_nf$_run_closure1$_closure2$_closure4.doCall(metaphlan_humann.nf.test)
	at java.base/jdk.internal.reflect.NativeMethodAccessorImpl.invoke0(Native Method)
	at java.base/jdk.internal.reflect.NativeMethodAccessorImpl.invoke(NativeMethodAccessorImpl.java:77)
	at java.base/jdk.internal.reflect.DelegatingMethodAccessorImpl.invoke(DelegatingMethodAccessorImpl.java:43)
	at java.base/java.lang.reflect.Method.invoke(Method.java:568)
	at org.codehaus.groovy.reflection.CachedMethod.invoke(CachedMethod.java:107)
	at groovy.lang.MetaMethod.doMethodInvoke(MetaMethod.java:323)
	at org.codehaus.groovy.runtime.metaclass.ClosureMetaClass.invokeMethod(ClosureMetaClass.java:274)
	at groovy.lang.MetaClassImpl.invokeMethod(MetaClassImpl.java:1030)
	at groovy.lang.Closure.call(Closure.java:427)
	at groovy.lang.Closure.call(Closure.java:406)
	at com.askimed.nf.test.lang.TestCode.execute(TestCode.java:16)
	at com.askimed.nf.test.lang.workflow.WorkflowTest.execute(WorkflowTest.java:178)
	at com.askimed.nf.test.core.TestExecutionEngine.execute(TestExecutionEngine.java:172)
	at com.askimed.nf.test.commands.RunTestsCommand.execute(RunTestsCommand.java:322)
	at com.askimed.nf.test.commands.AbstractCommand.call(AbstractCommand.java:43)
	at com.askimed.nf.test.commands.AbstractCommand.call(AbstractCommand.java:18)
	at picocli.CommandLine.executeUserObject(CommandLine.java:1953)
	at picocli.CommandLine.access$1300(CommandLine.java:145)
	at picocli.CommandLine$RunLast.executeUserObjectOfLastSubcommandWithSameParent(CommandLine.java:2352)
	at picocli.CommandLine$RunLast.handle(CommandLine.java:2346)
	at picocli.CommandLine$RunLast.handle(CommandLine.java:2311)
	at picocli.CommandLine$AbstractParseResultHandler.execute(CommandLine.java:2179)
	at picocli.CommandLine.execute(CommandLine.java:2078)
	at com.askimed.nf.test.App.run(App.java:39)
	at com.askimed.nf.test.App.main(App.java:46)
Jan-12 12:56:36.990 [main] INFO  com.askimed.nf.test.core.TestExecutionEngine - Testsuite 'Test MetaPhlAn + HUMAnN Integration' finished. snapshot file: false, skipped tests: false, failed tests: true
Jan-12 12:56:36.990 [main] INFO  com.askimed.nf.test.core.TestExecutionEngine - Running testsuite 'Test MetaPhlAn Workflow' from file '/home/tpor598/biobakery-nextflow/tests/workflow/metaphlan_workflow.nf.test'.
Jan-12 12:56:36.990 [main] INFO  com.askimed.nf.test.core.TestExecutionEngine - Run test 'b68e6957: MetaPhlAn - taxonomic profiling'. type: com.askimed.nf.test.lang.workflow.WorkflowTest
Jan-12 12:56:40.242 [main] INFO  com.askimed.nf.test.core.TestExecutionEngine - Test 'b68e6957: MetaPhlAn - taxonomic profiling' finished. status: FAILED
org.codehaus.groovy.runtime.powerassert.PowerAssertionError: assert workflow.success
       |        |
       workflow false
	at org.codehaus.groovy.runtime.InvokerHelper.assertFailed(InvokerHelper.java:432)
	at org.codehaus.groovy.runtime.ScriptBytecodeAdapter.assertFailed(ScriptBytecodeAdapter.java:670)
	at metaphlan_workflow_nf$_run_closure1$_closure2$_closure5.doCall(metaphlan_workflow.nf.test:18)
	at metaphlan_workflow_nf$_run_closure1$_closure2$_closure5.doCall(metaphlan_workflow.nf.test)
	at java.base/jdk.internal.reflect.NativeMethodAccessorImpl.invoke0(Native Method)
	at java.base/jdk.internal.reflect.NativeMethodAccessorImpl.invoke(NativeMethodAccessorImpl.java:77)
	at java.base/jdk.internal.reflect.DelegatingMethodAccessorImpl.invoke(DelegatingMethodAccessorImpl.java:43)
	at java.base/java.lang.reflect.Method.invoke(Method.java:568)
	at org.codehaus.groovy.reflection.CachedMethod.invoke(CachedMethod.java:107)
	at groovy.lang.MetaMethod.doMethodInvoke(MetaMethod.java:323)
	at org.codehaus.groovy.runtime.metaclass.ClosureMetaClass.invokeMethod(ClosureMetaClass.java:274)
	at groovy.lang.MetaClassImpl.invokeMethod(MetaClassImpl.java:1030)
	at groovy.lang.Closure.call(Closure.java:427)
	at groovy.lang.Closure.call(Closure.java:406)
	at com.askimed.nf.test.lang.TestCode.execute(TestCode.java:16)
	at com.askimed.nf.test.lang.workflow.WorkflowTest.execute(WorkflowTest.java:178)
	at com.askimed.nf.test.core.TestExecutionEngine.execute(TestExecutionEngine.java:172)
	at com.askimed.nf.test.commands.RunTestsCommand.execute(RunTestsCommand.java:322)
	at com.askimed.nf.test.commands.AbstractCommand.call(AbstractCommand.java:43)
	at com.askimed.nf.test.commands.AbstractCommand.call(AbstractCommand.java:18)
	at picocli.CommandLine.executeUserObject(CommandLine.java:1953)
	at picocli.CommandLine.access$1300(CommandLine.java:145)
	at picocli.CommandLine$RunLast.executeUserObjectOfLastSubcommandWithSameParent(CommandLine.java:2352)
	at picocli.CommandLine$RunLast.handle(CommandLine.java:2346)
	at picocli.CommandLine$RunLast.handle(CommandLine.java:2311)
	at picocli.CommandLine$AbstractParseResultHandler.execute(CommandLine.java:2179)
	at picocli.CommandLine.execute(CommandLine.java:2078)
	at com.askimed.nf.test.App.run(App.java:39)
	at com.askimed.nf.test.App.main(App.java:46)
Jan-12 12:56:40.243 [main] INFO  com.askimed.nf.test.core.TestExecutionEngine - Run test 'e24231d9: MetaPhlAn - multiple samples'. type: com.askimed.nf.test.lang.workflow.WorkflowTest
Jan-12 12:56:43.495 [main] INFO  com.askimed.nf.test.core.TestExecutionEngine - Test 'e24231d9: MetaPhlAn - multiple samples' finished. status: FAILED
org.codehaus.groovy.runtime.powerassert.PowerAssertionError: assert workflow.success
       |        |
       workflow false
	at org.codehaus.groovy.runtime.InvokerHelper.assertFailed(InvokerHelper.java:432)
	at org.codehaus.groovy.runtime.ScriptBytecodeAdapter.assertFailed(ScriptBytecodeAdapter.java:670)
	at metaphlan_workflow_nf$_run_closure1$_closure3$_closure8.doCall(metaphlan_workflow.nf.test:34)
	at metaphlan_workflow_nf$_run_closure1$_closure3$_closure8.doCall(metaphlan_workflow.nf.test)
	at java.base/jdk.internal.reflect.NativeMethodAccessorImpl.invoke0(Native Method)
	at java.base/jdk.internal.reflect.NativeMethodAccessorImpl.invoke(NativeMethodAccessorImpl.java:77)
	at java.base/jdk.internal.reflect.DelegatingMethodAccessorImpl.invoke(DelegatingMethodAccessorImpl.java:43)
	at java.base/java.lang.reflect.Method.invoke(Method.java:568)
	at org.codehaus.groovy.reflection.CachedMethod.invoke(CachedMethod.java:107)
	at groovy.lang.MetaMethod.doMethodInvoke(MetaMethod.java:323)
	at org.codehaus.groovy.runtime.metaclass.ClosureMetaClass.invokeMethod(ClosureMetaClass.java:274)
	at groovy.lang.MetaClassImpl.invokeMethod(MetaClassImpl.java:1030)
	at groovy.lang.Closure.call(Closure.java:427)
	at groovy.lang.Closure.call(Closure.java:406)
	at com.askimed.nf.test.lang.TestCode.execute(TestCode.java:16)
	at com.askimed.nf.test.lang.workflow.WorkflowTest.execute(WorkflowTest.java:178)
	at com.askimed.nf.test.core.TestExecutionEngine.execute(TestExecutionEngine.java:172)
	at com.askimed.nf.test.commands.RunTestsCommand.execute(RunTestsCommand.java:322)
	at com.askimed.nf.test.commands.AbstractCommand.call(AbstractCommand.java:43)
	at com.askimed.nf.test.commands.AbstractCommand.call(AbstractCommand.java:18)
	at picocli.CommandLine.executeUserObject(CommandLine.java:1953)
	at picocli.CommandLine.access$1300(CommandLine.java:145)
	at picocli.CommandLine$RunLast.executeUserObjectOfLastSubcommandWithSameParent(CommandLine.java:2352)
	at picocli.CommandLine$RunLast.handle(CommandLine.java:2346)
	at picocli.CommandLine$RunLast.handle(CommandLine.java:2311)
	at picocli.CommandLine$AbstractParseResultHandler.execute(CommandLine.java:2179)
	at picocli.CommandLine.execute(CommandLine.java:2078)
	at com.askimed.nf.test.App.run(App.java:39)
	at com.askimed.nf.test.App.main(App.java:46)
Jan-12 12:56:43.496 [main] INFO  com.askimed.nf.test.core.TestExecutionEngine - Testsuite 'Test MetaPhlAn Workflow' finished. snapshot file: false, skipped tests: false, failed tests: true
Jan-12 12:56:43.496 [main] INFO  com.askimed.nf.test.core.TestExecutionEngine - Running testsuite 'Test StrainPhlAn Workflow Integration' from file '/home/tpor598/biobakery-nextflow/tests/workflow/strainphlan_workflow.nf.test'.
Jan-12 12:56:43.496 [main] INFO  com.askimed.nf.test.core.TestExecutionEngine - Run test 'bae35a42: Full StrainPhlAn workflow - MetaPhlAn to transmission analysis'. type: com.askimed.nf.test.lang.workflow.WorkflowTest
Jan-12 12:56:46.831 [main] INFO  com.askimed.nf.test.core.TestExecutionEngine - Test 'bae35a42: Full StrainPhlAn workflow - MetaPhlAn to transmission analysis' finished. status: FAILED
org.codehaus.groovy.runtime.powerassert.PowerAssertionError: assert workflow.success
       |        |
       workflow false
	at org.codehaus.groovy.runtime.InvokerHelper.assertFailed(InvokerHelper.java:432)
	at org.codehaus.groovy.runtime.ScriptBytecodeAdapter.assertFailed(ScriptBytecodeAdapter.java:670)
	at strainphlan_workflow_nf$_run_closure1$_closure2$_closure7.doCall(strainphlan_workflow.nf.test:24)
	at strainphlan_workflow_nf$_run_closure1$_closure2$_closure7.doCall(strainphlan_workflow.nf.test)
	at java.base/jdk.internal.reflect.NativeMethodAccessorImpl.invoke0(Native Method)
	at java.base/jdk.internal.reflect.NativeMethodAccessorImpl.invoke(NativeMethodAccessorImpl.java:77)
	at java.base/jdk.internal.reflect.DelegatingMethodAccessorImpl.invoke(DelegatingMethodAccessorImpl.java:43)
	at java.base/java.lang.reflect.Method.invoke(Method.java:568)
	at org.codehaus.groovy.reflection.CachedMethod.invoke(CachedMethod.java:107)
	at groovy.lang.MetaMethod.doMethodInvoke(MetaMethod.java:323)
	at org.codehaus.groovy.runtime.metaclass.ClosureMetaClass.invokeMethod(ClosureMetaClass.java:274)
	at groovy.lang.MetaClassImpl.invokeMethod(MetaClassImpl.java:1030)
	at groovy.lang.Closure.call(Closure.java:427)
	at groovy.lang.Closure.call(Closure.java:406)
	at com.askimed.nf.test.lang.TestCode.execute(TestCode.java:16)
	at com.askimed.nf.test.lang.workflow.WorkflowTest.execute(WorkflowTest.java:178)
	at com.askimed.nf.test.core.TestExecutionEngine.execute(TestExecutionEngine.java:172)
	at com.askimed.nf.test.commands.RunTestsCommand.execute(RunTestsCommand.java:322)
	at com.askimed.nf.test.commands.AbstractCommand.call(AbstractCommand.java:43)
	at com.askimed.nf.test.commands.AbstractCommand.call(AbstractCommand.java:18)
	at picocli.CommandLine.executeUserObject(CommandLine.java:1953)
	at picocli.CommandLine.access$1300(CommandLine.java:145)
	at picocli.CommandLine$RunLast.executeUserObjectOfLastSubcommandWithSameParent(CommandLine.java:2352)
	at picocli.CommandLine$RunLast.handle(CommandLine.java:2346)
	at picocli.CommandLine$RunLast.handle(CommandLine.java:2311)
	at picocli.CommandLine$AbstractParseResultHandler.execute(CommandLine.java:2179)
	at picocli.CommandLine.execute(CommandLine.java:2078)
	at com.askimed.nf.test.App.run(App.java:39)
	at com.askimed.nf.test.App.main(App.java:46)
Jan-12 12:56:46.832 [main] INFO  com.askimed.nf.test.core.TestExecutionEngine - Run test '32791567: StrainPhlAn with reference genomes'. type: com.askimed.nf.test.lang.workflow.WorkflowTest
Jan-12 12:56:50.301 [main] INFO  com.askimed.nf.test.core.TestExecutionEngine - Test '32791567: StrainPhlAn with reference genomes' finished. status: FAILED
org.codehaus.groovy.runtime.powerassert.PowerAssertionError: assert workflow.success
       |        |
       workflow false
	at org.codehaus.groovy.runtime.InvokerHelper.assertFailed(InvokerHelper.java:432)
	at org.codehaus.groovy.runtime.ScriptBytecodeAdapter.assertFailed(ScriptBytecodeAdapter.java:670)
	at strainphlan_workflow_nf$_run_closure1$_closure3$_closure11.doCall(strainphlan_workflow.nf.test:63)
	at strainphlan_workflow_nf$_run_closure1$_closure3$_closure11.doCall(strainphlan_workflow.nf.test)
	at java.base/jdk.internal.reflect.NativeMethodAccessorImpl.invoke0(Native Method)
	at java.base/jdk.internal.reflect.NativeMethodAccessorImpl.invoke(NativeMethodAccessorImpl.java:77)
	at java.base/jdk.internal.reflect.DelegatingMethodAccessorImpl.invoke(DelegatingMethodAccessorImpl.java:43)
	at java.base/java.lang.reflect.Method.invoke(Method.java:568)
	at org.codehaus.groovy.reflection.CachedMethod.invoke(CachedMethod.java:107)
	at groovy.lang.MetaMethod.doMethodInvoke(MetaMethod.java:323)
	at org.codehaus.groovy.runtime.metaclass.ClosureMetaClass.invokeMethod(ClosureMetaClass.java:274)
	at groovy.lang.MetaClassImpl.invokeMethod(MetaClassImpl.java:1030)
	at groovy.lang.Closure.call(Closure.java:427)
	at groovy.lang.Closure.call(Closure.java:406)
	at com.askimed.nf.test.lang.TestCode.execute(TestCode.java:16)
	at com.askimed.nf.test.lang.workflow.WorkflowTest.execute(WorkflowTest.java:178)
	at com.askimed.nf.test.core.TestExecutionEngine.execute(TestExecutionEngine.java:172)
	at com.askimed.nf.test.commands.RunTestsCommand.execute(RunTestsCommand.java:322)
	at com.askimed.nf.test.commands.AbstractCommand.call(AbstractCommand.java:43)
	at com.askimed.nf.test.commands.AbstractCommand.call(AbstractCommand.java:18)
	at picocli.CommandLine.executeUserObject(CommandLine.java:1953)
	at picocli.CommandLine.access$1300(CommandLine.java:145)
	at picocli.CommandLine$RunLast.executeUserObjectOfLastSubcommandWithSameParent(CommandLine.java:2352)
	at picocli.CommandLine$RunLast.handle(CommandLine.java:2346)
	at picocli.CommandLine$RunLast.handle(CommandLine.java:2311)
	at picocli.CommandLine$AbstractParseResultHandler.execute(CommandLine.java:2179)
	at picocli.CommandLine.execute(CommandLine.java:2078)
	at com.askimed.nf.test.App.run(App.java:39)
	at com.askimed.nf.test.App.main(App.java:46)
Jan-12 12:56:50.302 [main] INFO  com.askimed.nf.test.core.TestExecutionEngine - Run test 'ef894202: StrainPhlAn error - missing metadata file'. type: com.askimed.nf.test.lang.workflow.WorkflowTest
Jan-12 12:56:53.968 [main] INFO  com.askimed.nf.test.core.TestExecutionEngine - Test 'ef894202: StrainPhlAn error - missing metadata file' finished. status: FAILED
org.codehaus.groovy.runtime.powerassert.PowerAssertionError: assert workflow.errorReport.contains("strain_metadata")
       |        |           |
       workflow ''          false
	at org.codehaus.groovy.runtime.InvokerHelper.assertFailed(InvokerHelper.java:432)
	at org.codehaus.groovy.runtime.ScriptBytecodeAdapter.assertFailed(ScriptBytecodeAdapter.java:670)
	at strainphlan_workflow_nf$_run_closure1$_closure4$_closure15.doCall(strainphlan_workflow.nf.test:94)
	at strainphlan_workflow_nf$_run_closure1$_closure4$_closure15.doCall(strainphlan_workflow.nf.test)
	at java.base/jdk.internal.reflect.NativeMethodAccessorImpl.invoke0(Native Method)
	at java.base/jdk.internal.reflect.NativeMethodAccessorImpl.invoke(NativeMethodAccessorImpl.java:77)
	at java.base/jdk.internal.reflect.DelegatingMethodAccessorImpl.invoke(DelegatingMethodAccessorImpl.java:43)
	at java.base/java.lang.reflect.Method.invoke(Method.java:568)
	at org.codehaus.groovy.reflection.CachedMethod.invoke(CachedMethod.java:107)
	at groovy.lang.MetaMethod.doMethodInvoke(MetaMethod.java:323)
	at org.codehaus.groovy.runtime.metaclass.ClosureMetaClass.invokeMethod(ClosureMetaClass.java:274)
	at groovy.lang.MetaClassImpl.invokeMethod(MetaClassImpl.java:1030)
	at groovy.lang.Closure.call(Closure.java:427)
	at groovy.lang.Closure.call(Closure.java:406)
	at com.askimed.nf.test.lang.TestCode.execute(TestCode.java:16)
	at com.askimed.nf.test.lang.workflow.WorkflowTest.execute(WorkflowTest.java:178)
	at com.askimed.nf.test.core.TestExecutionEngine.execute(TestExecutionEngine.java:172)
	at com.askimed.nf.test.commands.RunTestsCommand.execute(RunTestsCommand.java:322)
	at com.askimed.nf.test.commands.AbstractCommand.call(AbstractCommand.java:43)
	at com.askimed.nf.test.commands.AbstractCommand.call(AbstractCommand.java:18)
	at picocli.CommandLine.executeUserObject(CommandLine.java:1953)
	at picocli.CommandLine.access$1300(CommandLine.java:145)
	at picocli.CommandLine$RunLast.executeUserObjectOfLastSubcommandWithSameParent(CommandLine.java:2352)
	at picocli.CommandLine$RunLast.handle(CommandLine.java:2346)
	at picocli.CommandLine$RunLast.handle(CommandLine.java:2311)
	at picocli.CommandLine$AbstractParseResultHandler.execute(CommandLine.java:2179)
	at picocli.CommandLine.execute(CommandLine.java:2078)
	at com.askimed.nf.test.App.run(App.java:39)
	at com.askimed.nf.test.App.main(App.java:46)
Jan-12 12:56:53.969 [main] INFO  com.askimed.nf.test.core.TestExecutionEngine - Run test 'aa31f358: StrainPhlAn error - requires MetaPhlAn'. type: com.askimed.nf.test.lang.workflow.WorkflowTest
Jan-12 12:56:58.297 [main] INFO  com.askimed.nf.test.core.TestExecutionEngine - Test 'aa31f358: StrainPhlAn error - requires MetaPhlAn' finished. status: FAILED
org.codehaus.groovy.runtime.powerassert.PowerAssertionError: assert workflow.errorReport.contains("StrainPhlAn requires MetaPhlAn")
       |        |           |
       workflow ''          false
	at org.codehaus.groovy.runtime.InvokerHelper.assertFailed(InvokerHelper.java:432)
	at org.codehaus.groovy.runtime.ScriptBytecodeAdapter.assertFailed(ScriptBytecodeAdapter.java:670)
	at strainphlan_workflow_nf$_run_closure1$_closure5$_closure18.doCall(strainphlan_workflow.nf.test:113)
	at strainphlan_workflow_nf$_run_closure1$_closure5$_closure18.doCall(strainphlan_workflow.nf.test)
	at java.base/jdk.internal.reflect.NativeMethodAccessorImpl.invoke0(Native Method)
	at java.base/jdk.internal.reflect.NativeMethodAccessorImpl.invoke(NativeMethodAccessorImpl.java:77)
	at java.base/jdk.internal.reflect.DelegatingMethodAccessorImpl.invoke(DelegatingMethodAccessorImpl.java:43)
	at java.base/java.lang.reflect.Method.invoke(Method.java:568)
	at org.codehaus.groovy.reflection.CachedMethod.invoke(CachedMethod.java:107)
	at groovy.lang.MetaMethod.doMethodInvoke(MetaMethod.java:323)
	at org.codehaus.groovy.runtime.metaclass.ClosureMetaClass.invokeMethod(ClosureMetaClass.java:274)
	at groovy.lang.MetaClassImpl.invokeMethod(MetaClassImpl.java:1030)
	at groovy.lang.Closure.call(Closure.java:427)
	at groovy.lang.Closure.call(Closure.java:406)
	at com.askimed.nf.test.lang.TestCode.execute(TestCode.java:16)
	at com.askimed.nf.test.lang.workflow.WorkflowTest.execute(WorkflowTest.java:178)
	at com.askimed.nf.test.core.TestExecutionEngine.execute(TestExecutionEngine.java:172)
	at com.askimed.nf.test.commands.RunTestsCommand.execute(RunTestsCommand.java:322)
	at com.askimed.nf.test.commands.AbstractCommand.call(AbstractCommand.java:43)
	at com.askimed.nf.test.commands.AbstractCommand.call(AbstractCommand.java:18)
	at picocli.CommandLine.executeUserObject(CommandLine.java:1953)
	at picocli.CommandLine.access$1300(CommandLine.java:145)
	at picocli.CommandLine$RunLast.executeUserObjectOfLastSubcommandWithSameParent(CommandLine.java:2352)
	at picocli.CommandLine$RunLast.handle(CommandLine.java:2346)
	at picocli.CommandLine$RunLast.handle(CommandLine.java:2311)
	at picocli.CommandLine$AbstractParseResultHandler.execute(CommandLine.java:2179)
	at picocli.CommandLine.execute(CommandLine.java:2078)
	at com.askimed.nf.test.App.run(App.java:39)
	at com.askimed.nf.test.App.main(App.java:46)
Jan-12 12:56:58.298 [main] INFO  com.askimed.nf.test.core.TestExecutionEngine - Testsuite 'Test StrainPhlAn Workflow Integration' finished. snapshot file: false, skipped tests: false, failed tests: true
Jan-12 12:56:58.299 [main] INFO  com.askimed.nf.test.core.TestExecutionEngine - Executed 15 tests. 15 tests failed. Done!
